[2025-10-07T09:48:03.932Z] ERROR: Failed to fetch registrations at skip=0: Error: GraphQL error: auth error: malformed API key
[2025-10-07T09:48:03.933Z] ERROR: Fatal error: Error: GraphQL error: auth error: malformed API key
[2025-10-07T09:48:04.746Z] ERROR: Failed to fetch registrations at skip=0: Error: GraphQL error: auth error: malformed API key
[2025-10-07T09:48:04.746Z] ERROR: Fatal error: Error: GraphQL error: auth error: malformed API key
[2025-10-07T09:48:05.584Z] ERROR: Failed to fetch registrations at skip=0: Error: GraphQL error: auth error: malformed API key
[2025-10-07T09:48:05.585Z] ERROR: Fatal error: Error: GraphQL error: auth error: malformed API key
[2025-10-07T09:48:06.373Z] ERROR: Failed to fetch registrations at skip=0: Error: GraphQL error: auth error: malformed API key
[2025-10-07T09:48:06.373Z] ERROR: Fatal error: Error: GraphQL error: auth error: malformed API key
[2025-10-07T09:57:27.459Z] ERROR: Failed to register test1.eth (attempt 1/3): HTTP request failed.

URL: http://127.0.0.1:49684
Request body: {"method":"eth_getTransactionCount","params":["0xf39Fd6e51aad88F6F4ce6aB8827279cffFb92266","pending"]}
 
Request Arguments:
  from:  0xf39Fd6e51aad88F6F4ce6aB8827279cffFb92266
  to:    0x5fc8d32690cc91d4c39d9d3abcbd16989f875707
  data:  0x85f3e64300000000000000000000000000000000000000000000000000000000000000c00000000000000000000000008a791620dd6260079bf849dc5567adc3f2fdc318000000000000000000000000000000000000000000000000000000000000000000000000000000000000000000000000000000000000000000000000000000001111111111111111111111111111111111111111111111111111111111111111000000000000000000000000000000000000000000000000000000006ac6178600000000000000000000000000000000000000000000000000000000000000057465737431000000000000000000000000000000000000000000000000000000
 
Contract Call:
  address:   0x5fc8d32690cc91d4c39d9d3abcbd16989f875707
  function:  register(string label, address owner, address registry, address resolver, uint256 roleBitmap, uint64 expires)
  args:              (test1, 0x8a791620dd6260079bf849dc5567adc3f2fdc318, 0x0000000000000000000000000000000000000000, 0x0000000000000000000000000000000000000000, 7719472615821079694904732333912527190217998977709370935963838933860875309329, 1791367046)
  sender:    0xf39Fd6e51aad88F6F4ce6aB8827279cffFb92266

Docs: https://viem.sh/docs/contract/writeContract
Details: Maximum call stack size exceeded.
Version: viem@2.31.6
[2025-10-07T09:57:29.524Z] ERROR: Failed to register test1.eth (attempt 2/3): HTTP request failed.

URL: http://127.0.0.1:49684
Request body: {"method":"eth_getTransactionCount","params":["0xf39Fd6e51aad88F6F4ce6aB8827279cffFb92266","pending"]}
 
Request Arguments:
  from:  0xf39Fd6e51aad88F6F4ce6aB8827279cffFb92266
  to:    0x5fc8d32690cc91d4c39d9d3abcbd16989f875707
  data:  0x85f3e64300000000000000000000000000000000000000000000000000000000000000c00000000000000000000000008a791620dd6260079bf849dc5567adc3f2fdc318000000000000000000000000000000000000000000000000000000000000000000000000000000000000000000000000000000000000000000000000000000001111111111111111111111111111111111111111111111111111111111111111000000000000000000000000000000000000000000000000000000006ac6178600000000000000000000000000000000000000000000000000000000000000057465737431000000000000000000000000000000000000000000000000000000
 
Contract Call:
  address:   0x5fc8d32690cc91d4c39d9d3abcbd16989f875707
  function:  register(string label, address owner, address registry, address resolver, uint256 roleBitmap, uint64 expires)
  args:              (test1, 0x8a791620dd6260079bf849dc5567adc3f2fdc318, 0x0000000000000000000000000000000000000000, 0x0000000000000000000000000000000000000000, 7719472615821079694904732333912527190217998977709370935963838933860875309329, 1791367046)
  sender:    0xf39Fd6e51aad88F6F4ce6aB8827279cffFb92266

Docs: https://viem.sh/docs/contract/writeContract
Details: Maximum call stack size exceeded.
Version: viem@2.31.6
[2025-10-07T09:57:32.585Z] ERROR: Failed to register test1.eth (attempt 3/3): HTTP request failed.

URL: http://127.0.0.1:49684
Request body: {"method":"eth_getTransactionCount","params":["0xf39Fd6e51aad88F6F4ce6aB8827279cffFb92266","pending"]}
 
Request Arguments:
  from:  0xf39Fd6e51aad88F6F4ce6aB8827279cffFb92266
  to:    0x5fc8d32690cc91d4c39d9d3abcbd16989f875707
  data:  0x85f3e64300000000000000000000000000000000000000000000000000000000000000c00000000000000000000000008a791620dd6260079bf849dc5567adc3f2fdc318000000000000000000000000000000000000000000000000000000000000000000000000000000000000000000000000000000000000000000000000000000001111111111111111111111111111111111111111111111111111111111111111000000000000000000000000000000000000000000000000000000006ac6178600000000000000000000000000000000000000000000000000000000000000057465737431000000000000000000000000000000000000000000000000000000
 
Contract Call:
  address:   0x5fc8d32690cc91d4c39d9d3abcbd16989f875707
  function:  register(string label, address owner, address registry, address resolver, uint256 roleBitmap, uint64 expires)
  args:              (test1, 0x8a791620dd6260079bf849dc5567adc3f2fdc318, 0x0000000000000000000000000000000000000000, 0x0000000000000000000000000000000000000000, 7719472615821079694904732333912527190217998977709370935963838933860875309329, 1791367046)
  sender:    0xf39Fd6e51aad88F6F4ce6aB8827279cffFb92266

Docs: https://viem.sh/docs/contract/writeContract
Details: Maximum call stack size exceeded.
Version: viem@2.31.6
[2025-10-07T09:57:32.865Z] ERROR: Failed to register test3.eth (attempt 1/3): HTTP request failed.

URL: http://127.0.0.1:49684
Request body: {"method":"eth_getTransactionCount","params":["0xf39Fd6e51aad88F6F4ce6aB8827279cffFb92266","pending"]}
 
Request Arguments:
  from:  0xf39Fd6e51aad88F6F4ce6aB8827279cffFb92266
  to:    0x5fc8d32690cc91d4c39d9d3abcbd16989f875707
  data:  0x85f3e64300000000000000000000000000000000000000000000000000000000000000c00000000000000000000000008a791620dd6260079bf849dc5567adc3f2fdc318000000000000000000000000000000000000000000000000000000000000000000000000000000000000000000000000000000000000000000000000000000001111111111111111111111111111111111111111111111111111111111111111000000000000000000000000000000000000000000000000000000006ac8ba8b00000000000000000000000000000000000000000000000000000000000000057465737433000000000000000000000000000000000000000000000000000000
 
Contract Call:
  address:   0x5fc8d32690cc91d4c39d9d3abcbd16989f875707
  function:  register(string label, address owner, address registry, address resolver, uint256 roleBitmap, uint64 expires)
  args:              (test3, 0x8a791620dd6260079bf849dc5567adc3f2fdc318, 0x0000000000000000000000000000000000000000, 0x0000000000000000000000000000000000000000, 7719472615821079694904732333912527190217998977709370935963838933860875309329, 1791539851)
  sender:    0xf39Fd6e51aad88F6F4ce6aB8827279cffFb92266

Docs: https://viem.sh/docs/contract/writeContract
Details: Maximum call stack size exceeded.
Version: viem@2.31.6
[2025-10-07T09:57:34.933Z] ERROR: Failed to register test3.eth (attempt 2/3): HTTP request failed.

URL: http://127.0.0.1:49684
Request body: {"method":"eth_getTransactionCount","params":["0xf39Fd6e51aad88F6F4ce6aB8827279cffFb92266","pending"]}
 
Request Arguments:
  from:  0xf39Fd6e51aad88F6F4ce6aB8827279cffFb92266
  to:    0x5fc8d32690cc91d4c39d9d3abcbd16989f875707
  data:  0x85f3e64300000000000000000000000000000000000000000000000000000000000000c00000000000000000000000008a791620dd6260079bf849dc5567adc3f2fdc318000000000000000000000000000000000000000000000000000000000000000000000000000000000000000000000000000000000000000000000000000000001111111111111111111111111111111111111111111111111111111111111111000000000000000000000000000000000000000000000000000000006ac8ba8b00000000000000000000000000000000000000000000000000000000000000057465737433000000000000000000000000000000000000000000000000000000
 
Contract Call:
  address:   0x5fc8d32690cc91d4c39d9d3abcbd16989f875707
  function:  register(string label, address owner, address registry, address resolver, uint256 roleBitmap, uint64 expires)
  args:              (test3, 0x8a791620dd6260079bf849dc5567adc3f2fdc318, 0x0000000000000000000000000000000000000000, 0x0000000000000000000000000000000000000000, 7719472615821079694904732333912527190217998977709370935963838933860875309329, 1791539851)
  sender:    0xf39Fd6e51aad88F6F4ce6aB8827279cffFb92266

Docs: https://viem.sh/docs/contract/writeContract
Details: Maximum call stack size exceeded.
Version: viem@2.31.6
[2025-10-07T09:57:36.653Z] ERROR: Failed to register test1.eth after 3 attempts: HTTP request failed.

URL: http://127.0.0.1:49684
Request body: {"method":"eth_getTransactionCount","params":["0xf39Fd6e51aad88F6F4ce6aB8827279cffFb92266","pending"]}
 
Request Arguments:
  from:  0xf39Fd6e51aad88F6F4ce6aB8827279cffFb92266
  to:    0x5fc8d32690cc91d4c39d9d3abcbd16989f875707
  data:  0x85f3e64300000000000000000000000000000000000000000000000000000000000000c00000000000000000000000008a791620dd6260079bf849dc5567adc3f2fdc318000000000000000000000000000000000000000000000000000000000000000000000000000000000000000000000000000000000000000000000000000000001111111111111111111111111111111111111111111111111111111111111111000000000000000000000000000000000000000000000000000000006ac6178600000000000000000000000000000000000000000000000000000000000000057465737431000000000000000000000000000000000000000000000000000000
 
Contract Call:
  address:   0x5fc8d32690cc91d4c39d9d3abcbd16989f875707
  function:  register(string label, address owner, address registry, address resolver, uint256 roleBitmap, uint64 expires)
  args:              (test1, 0x8a791620dd6260079bf849dc5567adc3f2fdc318, 0x0000000000000000000000000000000000000000, 0x0000000000000000000000000000000000000000, 7719472615821079694904732333912527190217998977709370935963838933860875309329, 1791367046)
  sender:    0xf39Fd6e51aad88F6F4ce6aB8827279cffFb92266

Docs: https://viem.sh/docs/contract/writeContract
Details: Maximum call stack size exceeded.
Version: viem@2.31.6
[2025-10-07T09:57:37.466Z] ERROR: Failed to register test3.eth (attempt 1/3): HTTP request failed.

URL: http://127.0.0.1:49684
Request body: {"method":"eth_getTransactionCount","params":["0xf39Fd6e51aad88F6F4ce6aB8827279cffFb92266","pending"]}
 
Request Arguments:
  from:  0xf39Fd6e51aad88F6F4ce6aB8827279cffFb92266
  to:    0x5fc8d32690cc91d4c39d9d3abcbd16989f875707
  data:  0x85f3e64300000000000000000000000000000000000000000000000000000000000000c00000000000000000000000008a791620dd6260079bf849dc5567adc3f2fdc318000000000000000000000000000000000000000000000000000000000000000000000000000000000000000000000000000000000000000000000000000000001111111111111111111111111111111111111111111111111111111111111111000000000000000000000000000000000000000000000000000000006ac8ba9000000000000000000000000000000000000000000000000000000000000000057465737433000000000000000000000000000000000000000000000000000000
 
Contract Call:
  address:   0x5fc8d32690cc91d4c39d9d3abcbd16989f875707
  function:  register(string label, address owner, address registry, address resolver, uint256 roleBitmap, uint64 expires)
  args:              (test3, 0x8a791620dd6260079bf849dc5567adc3f2fdc318, 0x0000000000000000000000000000000000000000, 0x0000000000000000000000000000000000000000, 7719472615821079694904732333912527190217998977709370935963838933860875309329, 1791539856)
  sender:    0xf39Fd6e51aad88F6F4ce6aB8827279cffFb92266

Docs: https://viem.sh/docs/contract/writeContract
Details: Maximum call stack size exceeded.
Version: viem@2.31.6
[2025-10-07T09:57:37.717Z] ERROR: Failed to register test2.eth (attempt 1/3): HTTP request failed.

URL: http://127.0.0.1:49684
Request body: {"method":"eth_getTransactionCount","params":["0xf39Fd6e51aad88F6F4ce6aB8827279cffFb92266","pending"]}
 
Request Arguments:
  from:  0xf39Fd6e51aad88F6F4ce6aB8827279cffFb92266
  to:    0x5fc8d32690cc91d4c39d9d3abcbd16989f875707
  data:  0x85f3e64300000000000000000000000000000000000000000000000000000000000000c00000000000000000000000008a791620dd6260079bf849dc5567adc3f2fdc318000000000000000000000000000000000000000000000000000000000000000000000000000000000000000000000000000000000000000000000000000000001111111111111111111111111111111111111111111111111111111111111111000000000000000000000000000000000000000000000000000000006ac7690600000000000000000000000000000000000000000000000000000000000000057465737432000000000000000000000000000000000000000000000000000000
 
Contract Call:
  address:   0x5fc8d32690cc91d4c39d9d3abcbd16989f875707
  function:  register(string label, address owner, address registry, address resolver, uint256 roleBitmap, uint64 expires)
  args:              (test2, 0x8a791620dd6260079bf849dc5567adc3f2fdc318, 0x0000000000000000000000000000000000000000, 0x0000000000000000000000000000000000000000, 7719472615821079694904732333912527190217998977709370935963838933860875309329, 1791453446)
  sender:    0xf39Fd6e51aad88F6F4ce6aB8827279cffFb92266

Docs: https://viem.sh/docs/contract/writeContract
Details: Maximum call stack size exceeded.
Version: viem@2.31.6
[2025-10-07T09:57:38.002Z] ERROR: Failed to register test3.eth (attempt 3/3): HTTP request failed.

URL: http://127.0.0.1:49684
Request body: {"method":"eth_getTransactionCount","params":["0xf39Fd6e51aad88F6F4ce6aB8827279cffFb92266","pending"]}
 
Request Arguments:
  from:  0xf39Fd6e51aad88F6F4ce6aB8827279cffFb92266
  to:    0x5fc8d32690cc91d4c39d9d3abcbd16989f875707
  data:  0x85f3e64300000000000000000000000000000000000000000000000000000000000000c00000000000000000000000008a791620dd6260079bf849dc5567adc3f2fdc318000000000000000000000000000000000000000000000000000000000000000000000000000000000000000000000000000000000000000000000000000000001111111111111111111111111111111111111111111111111111111111111111000000000000000000000000000000000000000000000000000000006ac8ba8b00000000000000000000000000000000000000000000000000000000000000057465737433000000000000000000000000000000000000000000000000000000
 
Contract Call:
  address:   0x5fc8d32690cc91d4c39d9d3abcbd16989f875707
  function:  register(string label, address owner, address registry, address resolver, uint256 roleBitmap, uint64 expires)
  args:              (test3, 0x8a791620dd6260079bf849dc5567adc3f2fdc318, 0x0000000000000000000000000000000000000000, 0x0000000000000000000000000000000000000000, 7719472615821079694904732333912527190217998977709370935963838933860875309329, 1791539851)
  sender:    0xf39Fd6e51aad88F6F4ce6aB8827279cffFb92266

Docs: https://viem.sh/docs/contract/writeContract
Details: Maximum call stack size exceeded.
Version: viem@2.31.6
[2025-10-07T09:57:39.532Z] ERROR: Failed to register test3.eth (attempt 2/3): HTTP request failed.

URL: http://127.0.0.1:49684
Request body: {"method":"eth_getTransactionCount","params":["0xf39Fd6e51aad88F6F4ce6aB8827279cffFb92266","pending"]}
 
Request Arguments:
  from:  0xf39Fd6e51aad88F6F4ce6aB8827279cffFb92266
  to:    0x5fc8d32690cc91d4c39d9d3abcbd16989f875707
  data:  0x85f3e64300000000000000000000000000000000000000000000000000000000000000c00000000000000000000000008a791620dd6260079bf849dc5567adc3f2fdc318000000000000000000000000000000000000000000000000000000000000000000000000000000000000000000000000000000000000000000000000000000001111111111111111111111111111111111111111111111111111111111111111000000000000000000000000000000000000000000000000000000006ac8ba9000000000000000000000000000000000000000000000000000000000000000057465737433000000000000000000000000000000000000000000000000000000
 
Contract Call:
  address:   0x5fc8d32690cc91d4c39d9d3abcbd16989f875707
  function:  register(string label, address owner, address registry, address resolver, uint256 roleBitmap, uint64 expires)
  args:              (test3, 0x8a791620dd6260079bf849dc5567adc3f2fdc318, 0x0000000000000000000000000000000000000000, 0x0000000000000000000000000000000000000000, 7719472615821079694904732333912527190217998977709370935963838933860875309329, 1791539856)
  sender:    0xf39Fd6e51aad88F6F4ce6aB8827279cffFb92266

Docs: https://viem.sh/docs/contract/writeContract
Details: Maximum call stack size exceeded.
Version: viem@2.31.6
[2025-10-07T09:57:39.783Z] ERROR: Failed to register test2.eth (attempt 2/3): HTTP request failed.

URL: http://127.0.0.1:49684
Request body: {"method":"eth_getTransactionCount","params":["0xf39Fd6e51aad88F6F4ce6aB8827279cffFb92266","pending"]}
 
Request Arguments:
  from:  0xf39Fd6e51aad88F6F4ce6aB8827279cffFb92266
  to:    0x5fc8d32690cc91d4c39d9d3abcbd16989f875707
  data:  0x85f3e64300000000000000000000000000000000000000000000000000000000000000c00000000000000000000000008a791620dd6260079bf849dc5567adc3f2fdc318000000000000000000000000000000000000000000000000000000000000000000000000000000000000000000000000000000000000000000000000000000001111111111111111111111111111111111111111111111111111111111111111000000000000000000000000000000000000000000000000000000006ac7690600000000000000000000000000000000000000000000000000000000000000057465737432000000000000000000000000000000000000000000000000000000
 
Contract Call:
  address:   0x5fc8d32690cc91d4c39d9d3abcbd16989f875707
  function:  register(string label, address owner, address registry, address resolver, uint256 roleBitmap, uint64 expires)
  args:              (test2, 0x8a791620dd6260079bf849dc5567adc3f2fdc318, 0x0000000000000000000000000000000000000000, 0x0000000000000000000000000000000000000000, 7719472615821079694904732333912527190217998977709370935963838933860875309329, 1791453446)
  sender:    0xf39Fd6e51aad88F6F4ce6aB8827279cffFb92266

Docs: https://viem.sh/docs/contract/writeContract
Details: Maximum call stack size exceeded.
Version: viem@2.31.6
[2025-10-07T10:02:58.878Z] ERROR: Failed to register test1.eth (attempt 1/3): The contract function "register" reverted.

Error: NameAlreadyRegistered(string label)
                            (test1)
 
Contract Call:
  address:   0x5fc8d32690cc91d4c39d9d3abcbd16989f875707
  function:  register(string label, address owner, address registry, address resolver, uint256 roleBitmap, uint64 expires)
  args:              (test1, 0x8a791620dd6260079bf849dc5567adc3f2fdc318, 0x0000000000000000000000000000000000000000, 0x0000000000000000000000000000000000000000, 7719472615821079694904732333912527190217998977709370935963838933860875309329, 1791367378)
  sender:    0xf39Fd6e51aad88F6F4ce6aB8827279cffFb92266

Docs: https://viem.sh/docs/contract/writeContract
Version: viem@2.31.6
[2025-10-07T10:02:59.884Z] ERROR: Failed to register test1.eth (attempt 2/3): The contract function "register" reverted.

Error: NameAlreadyRegistered(string label)
                            (test1)
 
Contract Call:
  address:   0x5fc8d32690cc91d4c39d9d3abcbd16989f875707
  function:  register(string label, address owner, address registry, address resolver, uint256 roleBitmap, uint64 expires)
  args:              (test1, 0x8a791620dd6260079bf849dc5567adc3f2fdc318, 0x0000000000000000000000000000000000000000, 0x0000000000000000000000000000000000000000, 7719472615821079694904732333912527190217998977709370935963838933860875309329, 1791367378)
  sender:    0xf39Fd6e51aad88F6F4ce6aB8827279cffFb92266

Docs: https://viem.sh/docs/contract/writeContract
Version: viem@2.31.6
[2025-10-07T10:03:01.892Z] ERROR: Failed to register test1.eth (attempt 3/3): The contract function "register" reverted.

Error: NameAlreadyRegistered(string label)
                            (test1)
 
Contract Call:
  address:   0x5fc8d32690cc91d4c39d9d3abcbd16989f875707
  function:  register(string label, address owner, address registry, address resolver, uint256 roleBitmap, uint64 expires)
  args:              (test1, 0x8a791620dd6260079bf849dc5567adc3f2fdc318, 0x0000000000000000000000000000000000000000, 0x0000000000000000000000000000000000000000, 7719472615821079694904732333912527190217998977709370935963838933860875309329, 1791367378)
  sender:    0xf39Fd6e51aad88F6F4ce6aB8827279cffFb92266

Docs: https://viem.sh/docs/contract/writeContract
Version: viem@2.31.6
[2025-10-07T10:03:03.480Z] ERROR: Failed to register test1.eth (attempt 1/3): The contract function "register" reverted.

Error: NameAlreadyRegistered(string label)
                            (test1)
 
Contract Call:
  address:   0x5fc8d32690cc91d4c39d9d3abcbd16989f875707
  function:  register(string label, address owner, address registry, address resolver, uint256 roleBitmap, uint64 expires)
  args:              (test1, 0x8a791620dd6260079bf849dc5567adc3f2fdc318, 0x0000000000000000000000000000000000000000, 0x0000000000000000000000000000000000000000, 7719472615821079694904732333912527190217998977709370935963838933860875309329, 1791367383)
  sender:    0xf39Fd6e51aad88F6F4ce6aB8827279cffFb92266

Docs: https://viem.sh/docs/contract/writeContract
Version: viem@2.31.6
[2025-10-07T10:03:04.505Z] ERROR: Failed to register test1.eth (attempt 2/3): The contract function "register" reverted.

Error: NameAlreadyRegistered(string label)
                            (test1)
 
Contract Call:
  address:   0x5fc8d32690cc91d4c39d9d3abcbd16989f875707
  function:  register(string label, address owner, address registry, address resolver, uint256 roleBitmap, uint64 expires)
  args:              (test1, 0x8a791620dd6260079bf849dc5567adc3f2fdc318, 0x0000000000000000000000000000000000000000, 0x0000000000000000000000000000000000000000, 7719472615821079694904732333912527190217998977709370935963838933860875309329, 1791367383)
  sender:    0xf39Fd6e51aad88F6F4ce6aB8827279cffFb92266

Docs: https://viem.sh/docs/contract/writeContract
Version: viem@2.31.6
[2025-10-07T10:03:04.897Z] ERROR: Failed to register test1.eth after 3 attempts: The contract function "register" reverted.

Error: NameAlreadyRegistered(string label)
                            (test1)
 
Contract Call:
  address:   0x5fc8d32690cc91d4c39d9d3abcbd16989f875707
  function:  register(string label, address owner, address registry, address resolver, uint256 roleBitmap, uint64 expires)
  args:              (test1, 0x8a791620dd6260079bf849dc5567adc3f2fdc318, 0x0000000000000000000000000000000000000000, 0x0000000000000000000000000000000000000000, 7719472615821079694904732333912527190217998977709370935963838933860875309329, 1791367378)
  sender:    0xf39Fd6e51aad88F6F4ce6aB8827279cffFb92266

Docs: https://viem.sh/docs/contract/writeContract
Version: viem@2.31.6
[2025-10-07T10:03:04.899Z] ERROR: Failed to register test2.eth (attempt 1/3): The contract function "register" reverted.

Error: NameAlreadyRegistered(string label)
                            (test2)
 
Contract Call:
  address:   0x5fc8d32690cc91d4c39d9d3abcbd16989f875707
  function:  register(string label, address owner, address registry, address resolver, uint256 roleBitmap, uint64 expires)
  args:              (test2, 0x8a791620dd6260079bf849dc5567adc3f2fdc318, 0x0000000000000000000000000000000000000000, 0x0000000000000000000000000000000000000000, 7719472615821079694904732333912527190217998977709370935963838933860875309329, 1791453778)
  sender:    0xf39Fd6e51aad88F6F4ce6aB8827279cffFb92266

Docs: https://viem.sh/docs/contract/writeContract
Version: viem@2.31.6
[2025-10-07T10:03:05.908Z] ERROR: Failed to register test2.eth (attempt 2/3): The contract function "register" reverted.

Error: NameAlreadyRegistered(string label)
                            (test2)
 
Contract Call:
  address:   0x5fc8d32690cc91d4c39d9d3abcbd16989f875707
  function:  register(string label, address owner, address registry, address resolver, uint256 roleBitmap, uint64 expires)
  args:              (test2, 0x8a791620dd6260079bf849dc5567adc3f2fdc318, 0x0000000000000000000000000000000000000000, 0x0000000000000000000000000000000000000000, 7719472615821079694904732333912527190217998977709370935963838933860875309329, 1791453778)
  sender:    0xf39Fd6e51aad88F6F4ce6aB8827279cffFb92266

Docs: https://viem.sh/docs/contract/writeContract
Version: viem@2.31.6
[2025-10-07T10:03:06.511Z] ERROR: Failed to register test1.eth (attempt 3/3): The contract function "register" reverted.

Error: NameAlreadyRegistered(string label)
                            (test1)
 
Contract Call:
  address:   0x5fc8d32690cc91d4c39d9d3abcbd16989f875707
  function:  register(string label, address owner, address registry, address resolver, uint256 roleBitmap, uint64 expires)
  args:              (test1, 0x8a791620dd6260079bf849dc5567adc3f2fdc318, 0x0000000000000000000000000000000000000000, 0x0000000000000000000000000000000000000000, 7719472615821079694904732333912527190217998977709370935963838933860875309329, 1791367383)
  sender:    0xf39Fd6e51aad88F6F4ce6aB8827279cffFb92266

Docs: https://viem.sh/docs/contract/writeContract
Version: viem@2.31.6
[2025-10-07T10:03:07.914Z] ERROR: Failed to register test2.eth (attempt 3/3): The contract function "register" reverted.

Error: NameAlreadyRegistered(string label)
                            (test2)
 
Contract Call:
  address:   0x5fc8d32690cc91d4c39d9d3abcbd16989f875707
  function:  register(string label, address owner, address registry, address resolver, uint256 roleBitmap, uint64 expires)
  args:              (test2, 0x8a791620dd6260079bf849dc5567adc3f2fdc318, 0x0000000000000000000000000000000000000000, 0x0000000000000000000000000000000000000000, 7719472615821079694904732333912527190217998977709370935963838933860875309329, 1791453778)
  sender:    0xf39Fd6e51aad88F6F4ce6aB8827279cffFb92266

Docs: https://viem.sh/docs/contract/writeContract
Version: viem@2.31.6
